10:18:20,038 - Session_End sid:4nvhzxg3cjnkkn2nyooag5sj
10:28:16,133 - Session_End sid:4nvhzxg3cjnkkn2nyooag5sj
10:46:00,264 - Session_End sid:4nvhzxg3cjnkkn2nyooag5sj
11:20:47,574 - Session_End sid:nc2f04gdvgs3ojufauuypbrv
11:20:47,575 - Session_End sid:4nvhzxg3cjnkkn2nyooag5sj
12:23:21,385 - Session_End sid:4nvhzxg3cjnkkn2nyooag5sj
14:21:30,257 - Session_End sid:wslvchcqwncvehjuokbgghnt
14:22:54,025 - Session_End sid:wslvchcqwncvehjuokbgghnt
14:33:41,193 - Session_End sid:wslvchcqwncvehjuokbgghnt
14:35:32,321 - Session_End sid:wslvchcqwncvehjuokbgghnt
14:35:57,921 - Session_End sid:wslvchcqwncvehjuokbgghnt
14:37:15,416 - Session_End sid:rvyismtjrv0d4kekoskybblj
14:37:48,805 - Session_End sid:wslvchcqwncvehjuokbgghnt
14:54:11,132 - Session_End sid:wslvchcqwncvehjuokbgghnt
14:55:54,392 - Session_End sid:wslvchcqwncvehjuokbgghnt
14:56:59,640 - Session_End sid:nwpcxdduhebxq0cyiox2pcsv
14:57:42,217 - Session_End sid:nwpcxdduhebxq0cyiox2pcsv
15:06:32,004 - Session_End sid:wslvchcqwncvehjuokbgghnt
15:06:32,005 - Session_End sid:nwpcxdduhebxq0cyiox2pcsv
15:19:40,776 - Session_End sid:wslvchcqwncvehjuokbgghnt
15:33:53,594 - Session_End sid:wslvchcqwncvehjuokbgghnt
15:56:43,655 - Session_End sid:wslvchcqwncvehjuokbgghnt
16:02:02,800 - Session_End sid:wslvchcqwncvehjuokbgghnt
16:02:49,915 - Session_End sid:wslvchcqwncvehjuokbgghnt
16:15:10,005 - Session_End sid:wslvchcqwncvehjuokbgghnt
