09:56:18,915 - Session_End sid:atmyoqfnff1uo4rz5e4ze2ys
10:16:47,733 - Session_End sid:atmyoqfnff1uo4rz5e4ze2ys
10:18:09,428 - Session_End sid:atmyoqfnff1uo4rz5e4ze2ys
10:19:49,740 - Session_End sid:atmyoqfnff1uo4rz5e4ze2ys
10:26:45,114 - Session_End sid:atmyoqfnff1uo4rz5e4ze2ys
11:04:39,842 - Session_End sid:atmyoqfnff1uo4rz5e4ze2ys
14:01:54,664 - Session_End sid:atmyoqfnff1uo4rz5e4ze2ys
14:12:04,261 - Session_End sid:atmyoqfnff1uo4rz5e4ze2ys
14:20:23,678 - Session_End sid:atmyoqfnff1uo4rz5e4ze2ys
14:42:12,327 - Session_End sid:atmyoqfnff1uo4rz5e4ze2ys
14:47:03,436 - Session_End sid:atmyoqfnff1uo4rz5e4ze2ys
14:49:52,460 - Session_End sid:atmyoqfnff1uo4rz5e4ze2ys
14:52:45,257 - Session_End sid:atmyoqfnff1uo4rz5e4ze2ys
14:55:28,907 - Session_End sid:atmyoqfnff1uo4rz5e4ze2ys
14:59:42,202 - Session_End sid:atmyoqfnff1uo4rz5e4ze2ys
15:02:37,834 - Session_End sid:atmyoqfnff1uo4rz5e4ze2ys
15:04:59,395 - Session_End sid:atmyoqfnff1uo4rz5e4ze2ys
15:07:34,873 - Session_End sid:atmyoqfnff1uo4rz5e4ze2ys
15:22:09,173 - Session_End sid:0adw51tqifkvkczjnnhb1ds0
15:22:09,174 - Session_End sid:atmyoqfnff1uo4rz5e4ze2ys
15:35:06,920 - Session_End sid:0adw51tqifkvkczjnnhb1ds0
15:53:47,377 - Session_End sid:0adw51tqifkvkczjnnhb1ds0
16:21:26,980 - Session_End sid:0adw51tqifkvkczjnnhb1ds0
16:21:26,981 - Session_End sid:t1dxhjajl4bsjddavb1esnm2
16:31:59,339 - Session_End sid:0adw51tqifkvkczjnnhb1ds0
16:35:50,144 - Session_End sid:0adw51tqifkvkczjnnhb1ds0
16:36:06,603 - Session_End sid:0adw51tqifkvkczjnnhb1ds0
16:36:13,459 - Session_End sid:0adw51tqifkvkczjnnhb1ds0
16:36:34,378 - Session_End sid:0adw51tqifkvkczjnnhb1ds0
16:36:44,468 - Session_End sid:0adw51tqifkvkczjnnhb1ds0
16:37:00,775 - Session_End sid:0adw51tqifkvkczjnnhb1ds0
16:38:15,269 - Session_End sid:0adw51tqifkvkczjnnhb1ds0
16:39:21,304 - Session_End sid:0adw51tqifkvkczjnnhb1ds0
16:40:53,820 - Session_End sid:0adw51tqifkvkczjnnhb1ds0
16:41:12,943 - Session_End sid:0adw51tqifkvkczjnnhb1ds0
16:41:29,639 - Session_End sid:0adw51tqifkvkczjnnhb1ds0
16:49:13,460 - Session_End sid:0adw51tqifkvkczjnnhb1ds0
16:49:26,529 - Session_End sid:0adw51tqifkvkczjnnhb1ds0
16:49:50,558 - Session_End sid:0adw51tqifkvkczjnnhb1ds0
16:50:13,968 - Session_End sid:0adw51tqifkvkczjnnhb1ds0
16:51:02,593 - Session_End sid:0adw51tqifkvkczjnnhb1ds0
16:51:18,648 - Session_End sid:0adw51tqifkvkczjnnhb1ds0
16:53:02,428 - Session_End sid:0adw51tqifkvkczjnnhb1ds0
16:55:59,366 - Session_End sid:0adw51tqifkvkczjnnhb1ds0
16:56:12,658 - Session_End sid:0adw51tqifkvkczjnnhb1ds0
16:56:31,476 - Session_End sid:0adw51tqifkvkczjnnhb1ds0
16:58:17,583 - Session_End sid:0adw51tqifkvkczjnnhb1ds0
17:07:28,699 - Session_End sid:0adw51tqifkvkczjnnhb1ds0
17:40:06,612 - Session_End sid:0adw51tqifkvkczjnnhb1ds0
17:40:06,614 - Session_End sid:tqydxh32gqz5kjxdfu1w530w
17:40:06,712 - Session_End sid:4f335pvldgrjqfjtq5ipsloa
17:40:54,985 - Session_End sid:4f335pvldgrjqfjtq5ipsloa
17:42:20,674 - Session_End sid:4f335pvldgrjqfjtq5ipsloa
