09:40:44,208 - Session_End sid:v2iluegladjfsh2ylt2gmxi1
09:45:06,059 - Session_End sid:v2iluegladjfsh2ylt2gmxi1
09:48:36,049 - Session_End sid:v2iluegladjfsh2ylt2gmxi1
10:02:17,040 - Session_End sid:v2iluegladjfsh2ylt2gmxi1
10:13:14,099 - Session_End sid:v2iluegladjfsh2ylt2gmxi1
11:37:13,646 - Session_End sid:v2iluegladjfsh2ylt2gmxi1
11:37:13,647 - Session_End sid:24dvi42mqeseuuh1zgz1ldm0
11:52:03,866 - Session_End sid:otxsad5ishvd53rmmgkffkuw
11:52:03,867 - Session_End sid:24dvi42mqeseuuh1zgz1ldm0
13:47:56,161 - Session_End sid:mn11hht4xwn1pi0opxj5e3yp
13:47:56,162 - Session_End sid:kl2r1sj1svl3lr153v3qkjts
13:47:56,163 - Session_End sid:xpdooxds2a4sachgvglq5vr1
13:47:56,163 - Session_End sid:rmt3vbilyllxdh4cqmfqpfs1
13:47:56,164 - Session_End sid:e40ku2x0c04mupik5kuhinpe
13:47:56,164 - Session_End sid:2wj10s24gpcs4yfcqr33m5tz
13:47:56,165 - Session_End sid:uj1suwubpd1uqnjchgkgtymx
13:47:56,165 - Session_End sid:ylzquqap3w0bjngwgsir2cpq
13:47:56,166 - Session_End sid:vv1fil5ltv4x2fxvjbboltdh
13:47:56,166 - Session_End sid:1a4q13acupizutlqvbwaitsv
13:47:56,167 - Session_End sid:c1c1ggqjcu05ijppedpat35j
13:47:56,167 - Session_End sid:2r04pbz3rafh2cqzv5bimsek
13:47:56,168 - Session_End sid:gmz2mttp42hgcbf5tr2l2bbs
13:47:56,168 - Session_End sid:qrmkmitqmfhw5ecyvifnh3hc
13:47:56,169 - Session_End sid:loex4pencebtkws0g4pjz1zg
13:47:56,169 - Session_End sid:bpjrp2jcxtwkzhyhzzc4pxzb
13:47:56,169 - Session_End sid:d2sdcoo12jglzzeikfmkvpsd
13:47:56,170 - Session_End sid:v0eherms1j5s30fpyzlpqxm1
13:47:56,170 - Session_End sid:c2ccgdtyfz2c3mhhs5gobmsg
13:47:56,172 - Session_End sid:s1pg2twukfbiu5q0a45o1jvd
13:47:56,172 - Session_End sid:24dvi42mqeseuuh1zgz1ldm0
13:47:56,173 - Session_End sid:nxi31u4cbm1jzv1eumlukvcw
13:47:56,173 - Session_End sid:w40csyghsrzavgimx4by2qt2
13:47:56,174 - Session_End sid:i1ijm3b1dmmlxmn1dym2ptro
13:47:56,174 - Session_End sid:myzfiigoqoqekxzl4dhmgedn
13:47:56,174 - Session_End sid:ek14pic2qpz44tq43n1ezraa
13:47:56,175 - Session_End sid:ihoyx2ss4ol0pbsii20dpsr1
14:24:52,370 - Session_End sid:yn3da5n2el34onqs2z5dd0ql
14:24:52,371 - Session_End sid:tremft0tadaugnh0neiovkbb
14:24:52,371 - Session_End sid:5lmquisywa5dbv1ffbkh5y4d
14:24:52,372 - Session_End sid:i2qoi5rnqxs0odqeqkvzlyhl
14:24:52,372 - Session_End sid:xua1r0ymsxnuzfbuih2r3kz2
14:24:52,372 - Session_End sid:04ievs15rsdy54oosbluoeij
14:24:52,372 - Session_End sid:l50j1tx1pvyct2hlvfk0tmqm
14:24:52,373 - Session_End sid:5vw2rmur4nu4h2dhbqp0f1xl
14:24:52,373 - Session_End sid:nwgn2zauugm4qvayia4cuzsp
14:24:52,373 - Session_End sid:rppg5y0oj5zgj2xym0s040n4
14:24:52,374 - Session_End sid:kdts4re5wk03an1z1juzowkp
14:24:52,374 - Session_End sid:e1wnhzximi03a0szu15uo244
14:24:52,374 - Session_End sid:j0pztmhkvirqfi2ih0dqzt1u
14:24:52,375 - Session_End sid:5yso0gj5qpbdey0fqpetmwlp
14:24:52,375 - Session_End sid:edh14de3ykl0fjlz0q2qkqnp
14:24:52,375 - Session_End sid:jj3hsqeiv01z2kgxytpa52as
14:24:52,376 - Session_End sid:tx1jq2ee0lzy42o0sbm4hgop
14:24:52,376 - Session_End sid:unkb04vnfzvlm2pn0dokqham
14:24:52,376 - Session_End sid:wzaebzy551zn15qudkhraf5c
14:24:52,377 - Session_End sid:gqs0s0xc0iefnrdusmrggko5
14:24:52,425 - Session_End sid:ayivpjtsbpefn5iv5pxmjyb3
14:24:52,426 - Session_End sid:24dvi42mqeseuuh1zgz1ldm0
14:24:52,426 - Session_End sid:yz0k0p1skrm3ce1nlvlbhumj
14:24:52,426 - Session_End sid:0vtqx3x5vkzewkpbapumacxm
14:36:15,783 - Session_End sid:24dvi42mqeseuuh1zgz1ldm0
14:39:38,763 - Session_End sid:24dvi42mqeseuuh1zgz1ldm0
14:47:04,532 - Session_End sid:aduqdb1bnin14volu44hnkvb
14:47:04,738 - Session_End sid:24dvi42mqeseuuh1zgz1ldm0
14:53:24,615 - Session_End sid:aduqdb1bnin14volu44hnkvb
15:00:01,875 - Session_End sid:aduqdb1bnin14volu44hnkvb
15:55:56,871 - Session_End sid:aduqdb1bnin14volu44hnkvb
15:56:53,030 - Session_End sid:aduqdb1bnin14volu44hnkvb
15:58:06,822 - Session_End sid:aduqdb1bnin14volu44hnkvb
16:03:04,212 - Session_End sid:aduqdb1bnin14volu44hnkvb
16:08:11,219 - Session_End sid:aduqdb1bnin14volu44hnkvb
16:10:26,165 - Session_End sid:aduqdb1bnin14volu44hnkvb
16:33:13,477 - Session_End sid:31zhch5onrazfvhbiq4hqg01
16:33:13,479 - Session_End sid:aduqdb1bnin14volu44hnkvb
16:33:13,480 - Session_End sid:1mcpt14bdefsi431iodgxy5i
17:37:46,908 - Session_End sid:31zhch5onrazfvhbiq4hqg01
17:39:23,093 - Session_End sid:31zhch5onrazfvhbiq4hqg01
17:43:24,598 - Session_End sid:31zhch5onrazfvhbiq4hqg01
18:04:37,277 - Session_End sid:pg1yp24k5m5qvr24vcvog4p2
18:04:37,278 - Session_End sid:nhsl0ysv0dsnjquxrqqcs2b1
18:04:37,278 - Session_End sid:31zhch5onrazfvhbiq4hqg01
18:04:37,279 - Session_End sid:a1ox5l4pcyludluaa5qa5sat
18:04:37,279 - Session_End sid:dtvxtxbkz41dkq2tbu4o2em1
18:04:37,280 - Session_End sid:le1zlyrzkqmujyuanseuu45q
