11:58:28,561 - Session_End sid:qvfypnumpzgfc2bimopv3tbw
12:00:00,059 - Session_End sid:qvfypnumpzgfc2bimopv3tbw
12:01:29,422 - Session_End sid:qvfypnumpzgfc2bimopv3tbw
12:04:09,485 - Session_End sid:qvfypnumpzgfc2bimopv3tbw
12:05:17,047 - Session_End sid:qvfypnumpzgfc2bimopv3tbw
12:08:10,157 - Session_End sid:qvfypnumpzgfc2bimopv3tbw
12:14:04,545 - Session_End sid:fc0bu1kw5p21xfxinpd0gpvq
12:14:19,926 - Session_End sid:fc0bu1kw5p21xfxinpd0gpvq
12:14:42,264 - Session_End sid:qvfypnumpzgfc2bimopv3tbw
12:14:42,266 - Session_End sid:fc0bu1kw5p21xfxinpd0gpvq
12:16:20,104 - Session_End sid:fc0bu1kw5p21xfxinpd0gpvq
13:09:57,345 - Session_End sid:fc0bu1kw5p21xfxinpd0gpvq
13:13:41,940 - Session_End sid:fc0bu1kw5p21xfxinpd0gpvq
13:15:31,829 - Session_End sid:fc0bu1kw5p21xfxinpd0gpvq
13:20:36,221 - Session_End sid:fc0bu1kw5p21xfxinpd0gpvq
13:24:43,248 - Session_End sid:fc0bu1kw5p21xfxinpd0gpvq
13:34:50,431 - Session_End sid:fc0bu1kw5p21xfxinpd0gpvq
13:47:18,020 - Session_End sid:fc0bu1kw5p21xfxinpd0gpvq
13:48:54,862 - Session_End sid:fc0bu1kw5p21xfxinpd0gpvq
13:51:02,738 - Session_End sid:fc0bu1kw5p21xfxinpd0gpvq
13:54:01,187 - Session_End sid:fc0bu1kw5p21xfxinpd0gpvq
14:11:58,913 - Session_End sid:fc0bu1kw5p21xfxinpd0gpvq
14:15:58,076 - Session_End sid:fc0bu1kw5p21xfxinpd0gpvq
14:38:26,401 - Session_End sid:ylri3xvz01loei0gjbonciau
14:38:26,403 - Session_End sid:0u4grbwktgiafgnmoyfq1oeb
14:38:26,425 - Session_End sid:ujmp4mhx2messmfw0ypjuq3o
14:38:26,436 - Session_End sid:qvfypnumpzgfc2bimopv3tbw
14:38:26,438 - Session_End sid:gokoa31yxqvtgvkzhdxhutzj
14:38:26,438 - Session_End sid:3b30n2gyp2ft4cs210h4chag
14:38:26,439 - Session_End sid:40t2ts51i2rygr2cuz3vthyo
14:38:26,442 - Session_End sid:rowbm5n3h1m22eecu3zbwpxl
14:38:26,445 - Session_End sid:cft25awzu5t0oq2uuduttffr
14:38:26,446 - Session_End sid:fc0bu1kw5p21xfxinpd0gpvq
14:42:21,068 - Session_End sid:4ngwo5x3mwcspshmcmw230yl
14:42:21,069 - Session_End sid:3wa0lrhytakemj2q0jez04ah
14:42:21,070 - Session_End sid:fc0bu1kw5p21xfxinpd0gpvq
14:48:40,867 - Session_End sid:fc0bu1kw5p21xfxinpd0gpvq
14:50:20,685 - Session_End sid:fc0bu1kw5p21xfxinpd0gpvq
14:50:56,935 - Session_End sid:fc0bu1kw5p21xfxinpd0gpvq
14:55:51,031 - Session_End sid:fc0bu1kw5p21xfxinpd0gpvq
14:58:33,310 - Session_End sid:fc0bu1kw5p21xfxinpd0gpvq
15:06:51,604 - Session_End sid:qkddtvak2zqfnskd5kuabxba
15:06:51,606 - Session_End sid:fc0bu1kw5p21xfxinpd0gpvq
15:27:22,259 - Session_End sid:fc0bu1kw5p21xfxinpd0gpvq
15:30:37,332 - Session_End sid:fc0bu1kw5p21xfxinpd0gpvq
15:36:53,530 - Session_End sid:fc0bu1kw5p21xfxinpd0gpvq
15:45:54,251 - Session_End sid:fc0bu1kw5p21xfxinpd0gpvq
15:46:40,895 - Session_End sid:fc0bu1kw5p21xfxinpd0gpvq
15:47:03,550 - Session_End sid:fc0bu1kw5p21xfxinpd0gpvq
16:01:33,635 - Session_End sid:fc0bu1kw5p21xfxinpd0gpvq
16:02:49,241 - Session_End sid:2ykx0r252zubuygjhwwwdb0w
18:02:02,323 - Session_End sid:fc0bu1kw5p21xfxinpd0gpvq
18:05:17,349 - Session_End sid:2ykx0r252zubuygjhwwwdb0w
18:11:12,308 - Session_End sid:2ykx0r252zubuygjhwwwdb0w
18:12:52,718 - Session_End sid:2ykx0r252zubuygjhwwwdb0w
18:49:27,563 - Session_End sid:2ykx0r252zubuygjhwwwdb0w
18:58:01,782 - Session_End sid:2ykx0r252zubuygjhwwwdb0w
19:06:58,312 - Session_End sid:roa3od23fuhvl33rtydso45x
19:06:58,313 - Session_End sid:2ykx0r252zubuygjhwwwdb0w
19:06:58,314 - Session_End sid:4agdkmrzfbvus1tryazs2jjs
19:08:10,000 - Session_End sid:roa3od23fuhvl33rtydso45x
20:00:09,859 - Session_End sid:roa3od23fuhvl33rtydso45x
20:00:09,877 - Session_End sid:2ykx0r252zubuygjhwwwdb0w
20:05:28,610 - Session_End sid:2ykx0r252zubuygjhwwwdb0w
20:12:50,762 - Session_End sid:2ykx0r252zubuygjhwwwdb0w
20:15:19,931 - Session_End sid:2ykx0r252zubuygjhwwwdb0w
20:16:28,062 - Session_End sid:2ykx0r252zubuygjhwwwdb0w
20:20:38,049 - Session_End sid:2ykx0r252zubuygjhwwwdb0w
20:21:05,663 - Session_End sid:2ykx0r252zubuygjhwwwdb0w
20:22:41,988 - Session_End sid:2ykx0r252zubuygjhwwwdb0w
20:28:00,633 - Session_End sid:2ykx0r252zubuygjhwwwdb0w
