09:33:02,497 - Session_End sid:va0bth43rh424ttz4tvakgpd
09:33:02,497 - Session_End sid:qmzc0wbuxwfuhfqxdi11wxll
09:33:02,513 - Session_End sid:50f0mro5iffiegc33kgkkkjz
09:33:02,513 - Session_End sid:3jnbahjincr2quuvjm0cugh3
10:15:23,818 - Session_End sid:yplze2hxdz0htj5mev421qm1
10:15:23,819 - Session_End sid:zjaaolouwustn2rwsmnu52ye
10:15:23,819 - Session_End sid:qmzc0wbuxwfuhfqxdi11wxll
10:15:23,819 - Session_End sid:c1z5hfxclvmtluahbjfwsk4s
10:15:23,820 - Session_End sid:nmxpiha4wztd1jhovrv2j4pa
10:15:23,820 - Session_End sid:0zo1spp2w5n12ztzbi2frt1u
10:15:23,820 - Session_End sid:qpfkcfvaideca0kpu5law3cs
10:15:23,821 - Session_End sid:ylem1gmppqvfeovmzqlh5uj5
10:15:23,821 - Session_End sid:kmadgut3u4ytekrlkvcxzryn
10:15:23,821 - Session_End sid:yjx0dfceefbil2hmxy24z2nw
10:15:23,822 - Session_End sid:qrd5je4suahzm0k4bbzendce
10:15:23,822 - Session_End sid:ayv3kkduxlgtjwdpvl5e2zn0
10:15:23,822 - Session_End sid:jbmr4m2mwgbeso0rpubhua2a
10:15:23,822 - Session_End sid:b0xhnfqntgqyptesgg42jjx2
10:15:23,823 - Session_End sid:fdbcjuuuu1hkrarty5ugdpog
10:15:23,827 - Session_End sid:es5rdb5kuh1qinwlnlyfpniz
10:15:23,827 - Session_End sid:2kryd0r2nofwvdqh2jy1c02k
10:15:23,828 - Session_End sid:qk1dfo34mn5a1yyav4uoept1
10:15:23,828 - Session_End sid:elbsjbfq1kwcxuugb5cufbj2
10:15:23,828 - Session_End sid:izw55mxjyikck2rfdd1xbjkc
10:15:23,829 - Session_End sid:231dfs4vcchgimaemiysiv4r
10:35:33,977 - Session_End sid:c1z5hfxclvmtluahbjfwsk4s
10:45:01,627 - Session_End sid:c1z5hfxclvmtluahbjfwsk4s
10:51:50,144 - Session_End sid:c1z5hfxclvmtluahbjfwsk4s
10:54:49,024 - Session_End sid:c1z5hfxclvmtluahbjfwsk4s
10:54:49,031 - Session_End sid:5prjce2mskogi4w4rzma2rx4
10:55:30,400 - Session_End sid:c1z5hfxclvmtluahbjfwsk4s
10:55:30,404 - Session_End sid:vxmga3w3lv10fdomzsul54ds
11:44:07,252 - Session_End sid:c1z5hfxclvmtluahbjfwsk4s
11:52:26,047 - Session_End sid:c1z5hfxclvmtluahbjfwsk4s
13:53:16,066 - Session_End sid:qmsbwbnzaelq5h3skqkzbdnb
13:53:16,078 - Session_End sid:zaxnygjbkhwm3a0sll5ksdsy
13:53:16,078 - Session_End sid:etwqtsku0gmvjwo5mnn4huad
13:53:16,079 - Session_End sid:1ku0esmlkzj4n5dxbfrgvvts
13:53:16,079 - Session_End sid:w42asxdf53y2h0gdt2lvy4fp
13:53:16,079 - Session_End sid:hfokkjlay21oz0aodi4u3ahr
13:53:16,080 - Session_End sid:wacvsebg4fvrreerjylep5k5
13:53:16,080 - Session_End sid:0mhyvwsm4wouso4fthgsnkwk
13:53:16,081 - Session_End sid:c1z5hfxclvmtluahbjfwsk4s
13:53:16,081 - Session_End sid:suqfgu4nvq35nk4m21jvrn43
13:53:16,082 - Session_End sid:m5wslv1unadlw5vyt1ddscme
13:53:16,082 - Session_End sid:2cfc0nyqcdodgrav1qlr0yhm
13:53:16,083 - Session_End sid:ib4izximeyswvklvairg2n5r
13:53:16,083 - Session_End sid:4gcp2zxts0os1jpa5olyquu0
13:53:16,084 - Session_End sid:c3inpzqhfwvmwfqe42tj02tq
13:53:16,084 - Session_End sid:srnptrbwsjwp23sgk2nfqqwm
13:53:16,084 - Session_End sid:l11pgojyg4obcfnitwuvxtfn
13:53:16,085 - Session_End sid:nduuqcrq1jwkcg4kr43ofej3
13:53:16,085 - Session_End sid:ofrdnnrn1f5ouvynwjf2jg4e
13:53:16,086 - Session_End sid:3en30zbaknma2t1begivjptf
13:53:16,086 - Session_End sid:qnysdrlk1vx41ftjewdlyhwq
13:53:16,086 - Session_End sid:pdcdouvvuk45ap03ppclymfs
13:53:16,087 - Session_End sid:dwuxkan0zo5j2ejgz1t1jdth
13:53:16,087 - Session_End sid:urk0jfpcw1isxtm1iy1vlz4a
13:53:16,087 - Session_End sid:b5g5d3h2yjto5g1w4jqst3a4
13:53:16,088 - Session_End sid:o25pzjddvq2y15djb52cis3f
13:53:16,088 - Session_End sid:ugzqfcygmzg0tdyxtsng2ja5
13:53:16,088 - Session_End sid:dspnulf5dlzb4kztycusxvsf
13:53:16,089 - Session_End sid:niyfzhwqhzbrl5f2wchqrz4n
13:53:16,089 - Session_End sid:xpljtzgr3iqrewfbhfjeugcn
13:53:16,090 - Session_End sid:2noc5y0wbtxfxzwaiu2xnvrs
13:53:16,090 - Session_End sid:nkwqosd5izcxnp3maqq0gvls
13:53:16,090 - Session_End sid:ypifu3zyzqj2vazsiskj0vmw
13:53:16,091 - Session_End sid:xilzpowtyhf5v4zhtvjy5gqm
13:53:16,092 - Session_End sid:hgyap0ioteonphd50pvwm3qz
13:53:16,092 - Session_End sid:emlxvxdspjv35jzh2pp2smem
13:53:16,092 - Session_End sid:nxyrxmxbe4dym241zwiyeydb
13:53:16,093 - Session_End sid:essiobak5x5drsfjzcfpojwl
13:53:16,094 - Session_End sid:k5go4wmldug12c31jfzfaqko
13:53:16,094 - Session_End sid:55k03yhu204q2iauwrsnoqqu
13:53:16,095 - Session_End sid:ghgotzr03kfi3tpugtg4ckkb
13:53:16,095 - Session_End sid:lfhlylrnuihp0bva23lkvjmo
13:53:16,095 - Session_End sid:c3nr40qa2cirtlug5tlv1pw2
13:53:16,095 - Session_End sid:anqnqr4d5vlcq2seudqg2otw
