Apache.Ibatis.DataMapper.Session.DataMapperSession: 2017-02-09 18:48:28,113 [37] DEBUG [(null)] - Closing session
Apache.Ibatis.DataMapper.Session.DataMapperSession: 2017-02-09 18:48:28,130 [37] DEBUG [(null)] - Close Connection "32328946" to "Microsoft SQL Server, provider V4.0.0.0 in .NET Framework V4.0".
Apache.Ibatis.DataMapper.Data.DefaultPreparedCommand: 2017-02-09 18:48:28,135 [37] DEBUG [(null)] - Preparing to apply parameter information to Statement Id: [DataTools.GetColumns] based off of PreparedStatement: [set transaction isolation level read uncommitted
     
      select
      cols.[column_id] as id
      ,cols.[name]
      ,(case cols.[user_type_id]
      when 127 then 0
      when 104 then 2
      when 175 then 3
      when 61 then 4
      when 106 then 5
      when 62 then 6
      when 56 then 8
      when 60 then 9
      when 239 then 10
      when 99 then 11
      when 231 then 12
      when 36 then 14
      when 58 then 15
      when 52 then 16
      when 122 then 17
      when 35 then 18
      when 189 then 19
      when 48 then 20
      when 167 then 22
      when 241 then 25
      when 40 then 31
      when 41 then 32
      when 42 then 33
      when 43 then 34
      else 12 end) as [dbType]
      ,cols.[max_length]
      ,cols.[precision]
      ,cols.[scale]
      ,(case when isnull(p.name,'')='' then 0 else 1 end) as [is_primary_key]
      ,cols.[is_nullable]
      ,cols.[is_computed]
      ,cols.[is_identity]
      from  sys.columns as cols
      LEFT JOIN (select c.name,o.id
      from sysindexes i
      join sysindexkeys k on i.id = k.id and i.indid = k.indid
      join sysobjects o on i.id = o.id
      join syscolumns c on i.id=c.id and k.colid = c.colid
      where o.xtype = 'U'
      and exists(select 1 from sysobjects where xtype = 'PK' and name =  i.name)
      )p ON p.name=cols.name  AND cols.object_id=p.id
       where  cols.[object_id] =  @param0  and 
          cols.[name] in  (  @param1 ,   @param2 ,   @param3 ,   @param4 ,   @param5 ,   @param6 ,   @param7 ) 
      order by cols.[column_id]]
Apache.Ibatis.DataMapper.Data.DefaultPreparedCommand: 2017-02-09 18:48:28,137 [37] DEBUG [(null)] - Statement Id: [DataTools.GetColumns] Parameters: [@param0=[table_id,1073438898], @param1=[columnList[0],id], @param2=[columnList[1],id_user], @param3=[columnList[2],rq], @param4=[columnList[3],content], @param5=[columnList[4],IP], @param6=[columnList[5],flag_from], @param7=[columnList[6],flag_lx]]
Apache.Ibatis.DataMapper.Data.DefaultPreparedCommand: 2017-02-09 18:48:28,138 [37] DEBUG [(null)] - Statement Id: [DataTools.GetColumns] Types: [@param0=[Int32, System.Int32], @param1=[String, System.String], @param2=[String, System.String], @param3=[String, System.String], @param4=[String, System.String], @param5=[String, System.String], @param6=[String, System.String], @param7=[String, System.String]]
Apache.Ibatis.DataMapper.Session.DataMapperSession: 2017-02-09 18:48:28,142 [37] DEBUG [(null)] - Open Connection "52134465" to "Microsoft SQL Server, provider V4.0.0.0 in .NET Framework V4.0".
Apache.Ibatis.DataMapper.Session.DataMapperSession: 2017-02-09 18:48:28,310 [37] DEBUG [(null)] - Closing session
Apache.Ibatis.DataMapper.Session.DataMapperSession: 2017-02-09 18:48:28,312 [37] DEBUG [(null)] - Close Connection "52134465" to "Microsoft SQL Server, provider V4.0.0.0 in .NET Framework V4.0".
Apache.Ibatis.DataMapper.Data.DefaultPreparedCommand: 2017-02-09 18:48:28,328 [37] DEBUG [(null)] - Preparing to apply parameter information to Statement Id: [DataTools.ExecuteSql] based off of PreparedStatement: [ 
      insert into[ts_log](id,id_user,rq,content,IP,flag_from,flag_lx) values ('fa96f66f-a060-4748-8d57-fa427ed1dfa9','12c5a6f0-d971-4650-83ba-495a5ef7ffae','2017-02-09 18:48:27.773',N'退出/注销成功','::1','browser','LogOff')
    ]
Apache.Ibatis.DataMapper.Data.DefaultPreparedCommand: 2017-02-09 18:48:28,332 [37] DEBUG [(null)] - Preparing to apply parameter information to Statement Id: [DataTools.ExecuteSql] based off of PreparedStatement: [ 
      insert into[ts_log](id,id_user,rq,content,IP,flag_from,flag_lx) values ('fa96f66f-a060-4748-8d57-fa427ed1dfa9','12c5a6f0-d971-4650-83ba-495a5ef7ffae','2017-02-09 18:48:27.773',N'退出/注销成功','::1','browser','LogOff')
    ]
Apache.Ibatis.DataMapper.Session.DataMapperSession: 2017-02-09 18:48:28,334 [37] DEBUG [(null)] - Open Connection "57727267" to "Microsoft SQL Server, provider V4.0.0.0 in .NET Framework V4.0".
Apache.Ibatis.DataMapper.Session.DataMapperSession: 2017-02-09 18:48:28,381 [37] DEBUG [(null)] - Closing session
Apache.Ibatis.DataMapper.Session.DataMapperSession: 2017-02-09 18:48:28,382 [37] DEBUG [(null)] - Close Connection "57727267" to "Microsoft SQL Server, provider V4.0.0.0 in .NET Framework V4.0".
Apache.Ibatis.DataMapper.Data.DefaultPreparedCommand: 2017-02-09 18:48:33,845 [37] DEBUG [(null)] - Preparing to apply parameter information to Statement Id: [Ts_Flag.QueryList] based off of PreparedStatement: [set nocount on
       
      set transaction isolation level read uncommitted
     
      select db.[id],db.[listcode],db.[listname],db.[listdata],db.[listdisplay],db.[listsort],db.[id_father] from  [ts_flag]
      as db
       where  db.[listcode]= @param0  order by  
          db.listsort
             asc]
Apache.Ibatis.DataMapper.Data.DefaultPreparedCommand: 2017-02-09 18:48:33,850 [37] DEBUG [(null)] - Statement Id: [Ts_Flag.QueryList] Parameters: [@param0=[listcode,industry]]
Apache.Ibatis.DataMapper.Data.DefaultPreparedCommand: 2017-02-09 18:48:33,853 [37] DEBUG [(null)] - Statement Id: [Ts_Flag.QueryList] Types: [@param0=[String, System.String]]
Apache.Ibatis.DataMapper.Session.DataMapperSession: 2017-02-09 18:48:33,854 [37] DEBUG [(null)] - Open Connection "4691320" to "Microsoft SQL Server, provider V4.0.0.0 in .NET Framework V4.0".
Apache.Ibatis.DataMapper.Session.DataMapperSession: 2017-02-09 18:48:33,873 [37] DEBUG [(null)] - Closing session
Apache.Ibatis.DataMapper.Session.DataMapperSession: 2017-02-09 18:48:33,874 [37] DEBUG [(null)] - Close Connection "4691320" to "Microsoft SQL Server, provider V4.0.0.0 in .NET Framework V4.0".
